15:11:06  INFO      Run directory : logs/20260323_151106_quotes.toscrape.com
15:11:06  INFO      Target URL    : http://quotes.toscrape.com
15:11:08  INFO      Launching browser and navigating ...
15:11:10  DEBUG     Page title: Quotes to Scrape
15:11:10  INFO      Extracting interactive elements ...
15:11:10  INFO      Found 20 element(s)
15:11:10  DEBUG       [el_0] <a> selector='[data-ai-id="el_0"]'  text='Quotes to Scrape'
15:11:10  DEBUG       [el_1] <a> selector='[data-ai-id="el_1"]'  text='Login'
15:11:10  DEBUG       [el_2] <a> selector='[data-ai-id="el_2"]'  text='(about)'
15:11:10  DEBUG       [el_3] <a> selector='[data-ai-id="el_3"]'  text='change'
15:11:10  DEBUG       [el_4] <a> selector='[data-ai-id="el_4"]'  text='deep-thoughts'
15:11:10  DEBUG       [el_5] <a> selector='[data-ai-id="el_5"]'  text='thinking'
15:11:10  DEBUG       [el_6] <a> selector='[data-ai-id="el_6"]'  text='world'
15:11:10  DEBUG       [el_7] <a> selector='[data-ai-id="el_7"]'  text='(about)'
15:11:10  DEBUG       [el_8] <a> selector='[data-ai-id="el_8"]'  text='abilities'
15:11:10  DEBUG       [el_9] <a> selector='[data-ai-id="el_9"]'  text='choices'
15:11:10  DEBUG       [el_10] <a> selector='[data-ai-id="el_10"]'  text='(about)'
15:11:10  DEBUG       [el_11] <a> selector='[data-ai-id="el_11"]'  text='inspirational'
15:11:10  DEBUG       [el_12] <a> selector='[data-ai-id="el_12"]'  text='life'
15:11:10  DEBUG       [el_13] <a> selector='[data-ai-id="el_13"]'  text='live'
15:11:10  DEBUG       [el_14] <a> selector='[data-ai-id="el_14"]'  text='miracle'
15:11:10  DEBUG       [el_15] <a> selector='[data-ai-id="el_15"]'  text='miracles'
15:11:10  DEBUG       [el_16] <a> selector='[data-ai-id="el_16"]'  text='(about)'
15:11:10  DEBUG       [el_17] <a> selector='[data-ai-id="el_17"]'  text='aliteracy'
15:11:10  DEBUG       [el_18] <a> selector='[data-ai-id="el_18"]'  text='books'
15:11:10  DEBUG       [el_19] <a> selector='[data-ai-id="el_19"]'  text='classic'
15:11:10  INFO      Elements saved : logs/20260323_151106_quotes.toscrape.com/elements.json
15:11:11  INFO      Screenshot saved: logs/20260323_151106_quotes.toscrape.com/state_1.png
15:11:11  INFO      Done.
